2025-01-05 04:47:52 - catalog/tv/OnePlay.json
2025-01-05 04:47:55 - catalog/tv/OnePlay/genre=Canais%20Abertos.json
2025-01-05 04:48:27 - catalog/tv/OnePlay/genre=Canais%20Abertos.json
2025-01-05 04:51:21 - catalog/tv/OnePlay.json
2025-01-05 04:51:28 - catalog/tv/OnePlay.json
2025-01-05 04:51:30 - catalog/tv/OnePlay/genre=Canais%20Abertos.json
2025-01-05 04:51:47 - manifest.json
2025-01-05 04:51:51 - manifest.json
2025-01-05 04:51:51 - manifest.json
2025-01-05 04:52:35 - catalog/tv/OnePlay/genre=Canais%20Abertos.json
2025-01-05 04:52:44 - catalog/tv/OnePlay/genre=Canais%20Abertos.json
2025-01-05 04:55:23 - manifest.json
2025-01-05 04:55:23 - manifest.json
2025-01-05 04:55:31 - catalog/tv/OnePlay.json
2025-01-05 04:55:33 - catalog/tv/OnePlay/genre=Canais%20Abertos.json
2025-01-05 04:55:54 - catalog/tv/OnePlay/genre=Canais%20Abertos.json
2025-01-05 04:55:55 - catalog/tv/OnePlay/genre=Canais%20Abertos.json
2025-01-05 04:57:39 - catalog/tv/OnePlay/genre=Canais%20Abertos.json
2025-01-05 04:57:39 - Canais Abertos.json
2025-01-05 04:57:42 - catalog/tv/OnePlay/genre=Canais%20Abertos.json
2025-01-05 04:57:42 - Canais Abertos.json
2025-01-05 05:01:05 - manifest.json
2025-01-05 05:01:05 - manifest.json
2025-01-05 05:01:15 - catalog/tv/OnePlay.json
2025-01-05 05:01:17 - catalog/tv/OnePlay/genre=Canais%20Abertos.json
2025-01-05 05:01:19 - catalog/tv/OnePlay/genre=Filmes%20e%20Series.json
2025-01-05 05:01:20 - catalog/tv/OnePlay/genre=Canais%20Abertos.json
2025-01-05 05:01:31 - meta/tv/oneplay%3Aglobosp.json
2025-01-05 05:01:31 - stream/tv/oneplay%3Aglobosp.json
2025-01-05 05:01:38 - catalog/tv/OnePlay.json
2025-01-05 05:02:13 - catalog/tv/OnePlay/genre=Canais%20Abertos.json
2025-01-05 05:07:19 - manifest.json
2025-01-05 05:07:19 - manifest.json
2025-01-05 05:07:27 - catalog/tv/OnePlay.json
2025-01-05 05:07:29 - catalog/tv/OnePlay/genre=Canais%20Abertos.json
2025-01-05 06:01:25 - catalog/tv/OnePlay.json
2025-01-05 06:01:37 - catalog/tv/OnePlay.json
2025-01-05 06:01:37 - catalog/tv/OnePlay.json
2025-01-05 06:01:40 - catalog/tv/OnePlay/genre=Canais%20Abertos.json
2025-01-05 06:01:40 - catalog/tv/OnePlay/genre=Canais%20Abertos.json
2025-01-05 06:01:42 - stream/tv/oneplay%3Aglobosp.json
2025-01-05 06:01:42 - meta/tv/oneplay%3Aglobosp.json
2025-01-05 06:13:05 - catalog/tv/OnePlay.json
2025-01-05 06:13:19 - catalog/tv/OnePlay.json
2025-01-05 06:13:19 - catalog/tv/OnePlay.json
2025-01-05 06:18:14 - catalog/tv/OnePlay.json
2025-01-05 06:18:17 - stream/tv/oneplay%3Aglobosp.json
2025-01-05 06:18:18 - catalog/tv/OnePlay.json
2025-01-05 06:18:18 - meta/tv/oneplay%3Aglobosp.json
2025-01-05 12:26:44 - manifest.json
2025-01-05 12:27:13 - manifest.json
2025-01-05 12:29:57 - manifest.json
2025-01-05 12:32:26 - catalog/tv/OnePlay.json
2025-01-05 12:32:40 - meta/tv/oneplay%3Aglobosp.json
2025-01-05 12:32:57 - meta/tv/oneplay%3Aglobosp.json
2025-01-05 12:42:39 - manifest.json
2025-01-05 12:42:39 - manifest.json
2025-01-05 12:42:47 - catalog/tv/OnePlay.json
2025-01-05 12:43:39 - meta/tv/oneplay%3Aglobosp.json
2025-01-05 12:43:39 - stream/tv/oneplay%3Aglobosp.json
2025-01-05 12:48:19 - catalog/tv/OnePlay.json
2025-01-05 16:07:22 - catalog/tv/OnePlay.json
2025-01-05 17:32:33 - catalog/tv/OnePlay.json
2025-01-05 17:37:55 - catalog/tv/OnePlay.json
2025-01-05 17:37:55 - catalog/tv/OnePlay.json
2025-01-05 17:37:57 - stream/tv/oneplay%3Aglobosp.json
2025-01-05 17:37:57 - meta/tv/oneplay%3Aglobosp.json
2025-01-05 17:47:39 - meta/tv/oneplay%3Aglobosp.json
2025-01-05 17:48:08 - catalog/tv/OnePlay.json
2025-01-05 17:57:53 - manifest.json
2025-01-05 18:06:24 - catalog/tv/OnePlay.json
2025-01-05 18:07:45 - manmifest.json
2025-01-05 18:07:51 - manifest.json
2025-01-05 18:07:55 - manifest.json
2025-01-05 18:07:56 - manifest.json
2025-01-05 18:08:06 - catalog/tv/OnePlay.json
2025-01-05 18:08:41 - catalog/tv/OnePlay.json
2025-01-05 18:09:00 - catalog/tv/OnePlay.json
2025-01-05 18:09:00 - catalog/tv/OnePlay.json
2025-01-05 18:09:22 - catalog/tv/OnePlay.json
2025-01-05 18:10:57 - catalog/tv/OnePlay.json
2025-01-05 18:11:06 - catalog/tv/OnePlay.json
2025-01-05 18:11:06 - catalog/tv/OnePlay.json
2025-01-05 18:11:07 - logo/globo.png
2025-01-05 18:11:16 - catalog/tv/OnePlay.json
2025-01-05 18:11:16 - catalog/tv/OnePlay.json
2025-01-05 18:11:31 - catalog/tv/OnePlay.json
2025-01-05 18:11:31 - catalog/tv/OnePlay.json
2025-01-05 18:21:42 - manifest.json
2025-01-05 18:39:11 - manifest.json
2025-01-05 18:47:14 - manifest.json
2025-01-05 18:47:32 - catalog/tv/OnePlay.json
2025-01-05 18:50:01 - catalog/tv/OnePlay.json
2025-01-05 18:50:15 - catalog/tv/OnePlay.json
2025-01-05 18:50:15 - catalog/tv/OnePlay.json
2025-01-05 18:50:15 - logo/globo.png
2025-01-05 18:50:19 - catalog/tv/OnePlay/genre=Canais%20Abertos.json
2025-01-05 18:50:19 - catalog/tv/OnePlay/genre=Canais%20Abertos.json
2025-01-05 18:50:21 - stream/tv/oneplay%3Aglobosp.json
2025-01-05 18:50:21 - meta/tv/oneplay%3Aglobosp.json
2025-01-05 18:53:57 - logo/globo.png
2025-01-05 18:54:56 - catalog/tv/OnePlay.json
2025-01-05 18:55:11 - catalog/tv/OnePlay.json
2025-01-05 18:55:11 - catalog/tv/OnePlay.json
2025-01-05 18:56:33 - meta/tv/oneplay%3Aglobosp.json
2025-01-05 18:57:05 - catalog/tv/OnePlay.json
2025-01-05 19:28:40 - catalog/tv/OnePlay.json
2025-01-05 19:28:50 - catalog/tv/OnePlay.json
2025-01-05 19:28:50 - catalog/tv/OnePlay.json
2025-01-05 19:28:53 - stream/tv/oneplay%3Asbtsp.json
2025-01-05 19:28:53 - meta/tv/oneplay%3Asbtsp.json
2025-01-05 19:29:03 - stream/tv/oneplay%3Aglobosp.json
2025-01-05 19:29:03 - meta/tv/oneplay%3Aglobosp.json
2025-01-09 18:39:04 - manifest.json
2025-01-09 18:39:04 - manifest.json
2025-01-09 18:39:28 - meta/movie/tt13186482.json
2025-01-09 18:39:28 - stream/movie/tt13186482.json
2025-01-09 18:39:57 - stream/movie/tt0172495.json
2025-01-09 18:39:59 - meta/movie/tt0172495.json
2025-01-09 18:41:12 - meta/series/tt10919420.json
2025-01-09 18:41:25 - stream/series/tt10919420%3A2%3A1.json
2025-01-09 20:28:56 - stream/series/tt10919420%3A2%3A1.json
